<?xml version="1.0" encoding="UTF-8"?>
<!-- Generated by org.testng.reporters.JUnitXMLReporter -->
<testsuite ignored="0" hostname="CADLaps" failures="1" tests="7" name="Test" time="335.646" errors="0" timestamp="2025-08-11T15:19:58 GST">
  <testcase classname="com.uae.govgpt.testcases.TC4VerifyScrollGovGPT" name="verifyScrollAndAccessiblity" time="57.244"/>
  <testcase classname="com.uae.govgpt.testcases.TC1VerifyHomePage" name="verifyHomePage" time="3.115"/>
  <testcase classname="com.uae.govgpt.testcases.TC2VerifyInputIsClearedAutomaticallyFromGovGPT" name="verifyGovGptChatboxCleared" time="8.463"/>
  <testcase classname="com.uae.govgpt.testcases.TC5VerifyHtmlResponseIsNotBroken" name="verifyHtmlResponseIsNotBroken" time="63.582">
    <failure type="graphql.AssertException" message="2 borken links found">
      <![CDATA[graphql.AssertException: 2 borken links found
at graphql.Assert.throwAssert(Assert.java:207)
at graphql.Assert.assertTrue(Assert.java:121)
at com.uae.govgpt.abstractcomponents.BaseTest.checkBrokenLinksAndImages(BaseTest.java:235)
at com.uae.govgpt.pageobjects.HomePage.verifyHtmlResponseIsNotBroken(HomePage.java:107)
at com.uae.govgpt.testcases.TC5VerifyHtmlResponseIsNotBroken.verifyHtmlResponseIsNotBroken(TC5VerifyHtmlResponseIsNotBroken.java:26)
at java.base/java.util.ArrayList.forEach(ArrayList.java:1511)
... Removed 27 stack frames]]>
    </failure>
  </testcase> <!-- verifyHtmlResponseIsNotBroken -->
  <testcase classname="com.uae.govgpt.testcases.TC6VerifyChatInputIsSanitized" name="verifyChatInputIsSanitized" time="11.255"/>
  <testcase classname="com.uae.govgpt.testcases.TC7VerifyGovGPTdoesnotActiOnMaliciousPrompts" name="verifyGovGPTdoesnotActiOnMaliciousPrompts" time="65.697"/>
  <testcase classname="com.uae.govgpt.testcases.TC3VerifyArabicResponse" name="verifyArabicResponse" time="23.304"/>
</testsuite> <!-- Test -->
