<?xml version="1.0" encoding="UTF-8"?>
<testng-results ignored="0" total="2" passed="2" failed="0" skipped="0">
  <reporter-output>
  </reporter-output>
  <suite started-at="2025-07-09T09:31:11 GST" name="Suite" finished-at="2025-07-09T09:31:25 GST" duration-ms="13981">
    <groups>
    </groups>
    <test started-at="2025-07-09T09:31:11 GST" name="Test" finished-at="2025-07-09T09:31:25 GST" duration-ms="13981">
      <class name="com.rahulshetty.ecommerce.pageobjects.StandAloneTestSample2">
        <test-method is-config="true" signature="launchApplication()[pri:0, instance:com.rahulshetty.ecommerce.pageobjects.StandAloneTestSample2@5b7a7f33]" started-at="2025-07-09T09:31:11 GST" name="launchApplication" finished-at="2025-07-09T09:31:19 GST" duration-ms="7324" status="PASS">
          <reporter-output>
          </reporter-output>
        </test-method> <!-- launchApplication -->
        <test-method signature="addItemToCart(java.util.HashMap)[pri:0, instance:com.rahulshetty.ecommerce.pageobjects.StandAloneTestSample2@5b7a7f33]" started-at="2025-07-09T09:31:19 GST" name="addItemToCart" data-provider="getData" finished-at="2025-07-09T09:31:20 GST" duration-ms="1189" status="PASS">
          <params>
            <param index="0">
              <value>
                <![CDATA[{password=#Arjun789, item=ZARA COAT 3, email=nagarjuna.pc9@gmail.com}]]>
              </value>
            </param>
          </params>
          <reporter-output>
          </reporter-output>
        </test-method> <!-- addItemToCart -->
        <test-method is-config="true" signature="teadDown()[pri:0, instance:com.rahulshetty.ecommerce.pageobjects.StandAloneTestSample2@5b7a7f33]" started-at="2025-07-09T09:31:20 GST" name="teadDown" finished-at="2025-07-09T09:31:20 GST" duration-ms="297" status="PASS">
          <reporter-output>
          </reporter-output>
        </test-method> <!-- teadDown -->
        <test-method is-config="true" signature="launchApplication()[pri:0, instance:com.rahulshetty.ecommerce.pageobjects.StandAloneTestSample2@5b7a7f33]" started-at="2025-07-09T09:31:20 GST" name="launchApplication" finished-at="2025-07-09T09:31:23 GST" duration-ms="3181" status="PASS">
          <reporter-output>
          </reporter-output>
        </test-method> <!-- launchApplication -->
        <test-method signature="addItemToCart(java.util.HashMap)[pri:0, instance:com.rahulshetty.ecommerce.pageobjects.StandAloneTestSample2@5b7a7f33]" started-at="2025-07-09T09:31:23 GST" name="addItemToCart" data-provider="getData" finished-at="2025-07-09T09:31:25 GST" duration-ms="1219" status="PASS">
          <params>
            <param index="0">
              <value>
                <![CDATA[{password=#Arjun789, item=ZARA COAT 3, email=nagarjuna.pc9@gmail.com}]]>
              </value>
            </param>
          </params>
          <reporter-output>
          </reporter-output>
        </test-method> <!-- addItemToCart -->
        <test-method is-config="true" signature="teadDown()[pri:0, instance:com.rahulshetty.ecommerce.pageobjects.StandAloneTestSample2@5b7a7f33]" started-at="2025-07-09T09:31:25 GST" name="teadDown" finished-at="2025-07-09T09:31:25 GST" duration-ms="258" status="PASS">
          <reporter-output>
          </reporter-output>
        </test-method> <!-- teadDown -->
      </class> <!-- com.rahulshetty.ecommerce.pageobjects.StandAloneTestSample2 -->
    </test> <!-- Test -->
  </suite> <!-- Suite -->
</testng-results>
