<?xml version="1.0" encoding="UTF-8"?>
<!-- Generated by org.testng.reporters.JUnitXMLReporter -->
<testsuite ignored="0" hostname="CADLaps" failures="1" tests="7" name="Test" time="369.484" errors="0" timestamp="2025-08-11T15:53:00 GST">
  <testcase classname="com.uae.govgpt.testcases.TC4VerifyScrollGovGPT" name="verifyScrollAndAccessiblity" time="80.913"/>
  <testcase classname="com.uae.govgpt.testcases.TC1VerifyHomePage" name="verifyHomePage" time="4.088"/>
  <testcase classname="com.uae.govgpt.testcases.TC2VerifyInputIsClearedAutomaticallyFromGovGPT" name="verifyGovGptChatboxCleared" time="8.172"/>
  <testcase classname="com.uae.govgpt.testcases.TC5VerifyHtmlResponseIsNotBroken" name="verifyHtmlResponseIsNotBroken" time="58.772">
    <failure type="graphql.AssertException" message="3 borken links found">
      <![CDATA[graphql.AssertException: 3 borken links found
at graphql.Assert.throwAssert(Assert.java:207)
at graphql.Assert.assertTrue(Assert.java:121)
at com.uae.govgpt.abstractcomponents.BaseTest.checkBrokenLinksAndImages(BaseTest.java:235)
at com.uae.govgpt.pageobjects.HomePage.verifyHtmlResponseIsNotBroken(HomePage.java:107)
at com.uae.govgpt.testcases.TC5VerifyHtmlResponseIsNotBroken.verifyHtmlResponseIsNotBroken(TC5VerifyHtmlResponseIsNotBroken.java:26)
at java.base/java.util.ArrayList.forEach(ArrayList.java:1511)
... Removed 27 stack frames]]>
    </failure>
  </testcase> <!-- verifyHtmlResponseIsNotBroken -->
  <testcase classname="com.uae.govgpt.testcases.TC6VerifyChatInputIsSanitized" name="verifyChatInputIsSanitized" time="12.291"/>
  <testcase classname="com.uae.govgpt.testcases.TC7VerifyGovGPTdoesnotActiOnMaliciousPrompts" name="verifyGovGPTdoesnotActiOnMaliciousPrompts" time="64.914"/>
  <testcase classname="com.uae.govgpt.testcases.TC3VerifyArabicResponse" name="verifyArabicResponse" time="24.252"/>
</testsuite> <!-- Test -->
