<?xml version="1.0" encoding="UTF-8"?>
<!-- Generated by org.testng.reporters.JUnitXMLReporter -->
<testsuite ignored="0" hostname="CADLaps" failures="0" tests="3" name="Test" time="4.027" errors="0" timestamp="2025-06-12T07:22:50 GST">
  <testcase classname="testng.programs.dealsPage.LaunchBrowserUsingDataProvider" name="launchBrowser" time="2.178"/>
  <testcase classname="testng.programs.dealsPage.LaunchBrowserUsingDataProvider" name="launchBrowser1" time="2.94"/>
  <testcase classname="testng.programs.dealsPage.LaunchBrowserUsingDataProvider" name="launchBrowser" time="1.801"/>
</testsuite> <!-- Test -->
