<?xml version="1.0" encoding="UTF-8"?>
<!-- Generated by org.testng.reporters.JUnitReportReporter -->
<testsuite hostname="CADLaps" failures="0" tests="2" name="com.rahulshetty.ecommerce.pageobjects.StandAloneTestSample2" time="27.931" errors="0" timestamp="2025-07-08T16:08:14 GST" skipped="0">
  <testcase classname="com.rahulshetty.ecommerce.pageobjects.StandAloneTestSample2" name="addItemToCart" time="21.749"/>
  <testcase classname="com.rahulshetty.ecommerce.pageobjects.StandAloneTestSample2" name="addItemToCart" time="6.182"/>
</testsuite> <!-- com.rahulshetty.ecommerce.pageobjects.StandAloneTestSample2 -->
