<?xml version="1.0" encoding="UTF-8"?>
<testng-results ignored="0" total="2" passed="0" failed="2" skipped="0">
  <reporter-output>
  </reporter-output>
  <suite started-at="2025-06-13T12:25:01 GST" name="Suite" finished-at="2025-06-13T12:25:17 GST" duration-ms="16353">
    <groups>
    </groups>
    <test started-at="2025-06-13T12:25:01 GST" name="Test" finished-at="2025-06-13T12:25:17 GST" duration-ms="16353">
      <class name="com.rahulshetty.ecommerce.pageobjects.StandAloneTestSample">
        <test-method is-config="true" signature="launchApplication()[pri:0, instance:com.rahulshetty.ecommerce.pageobjects.StandAloneTestSample@50f6ac94]" started-at="2025-06-13T12:25:01 GST" name="launchApplication" finished-at="2025-06-13T12:25:04 GST" duration-ms="2803" status="PASS">
          <reporter-output>
          </reporter-output>
        </test-method> <!-- launchApplication -->
        <test-method signature="addItemToCart(java.util.HashMap)[pri:0, instance:com.rahulshetty.ecommerce.pageobjects.StandAloneTestSample@50f6ac94]" started-at="2025-06-13T12:25:04 GST" name="addItemToCart" data-provider="getData" finished-at="2025-06-13T12:25:09 GST" duration-ms="5674" status="FAIL">
          <params>
            <param index="0">
              <value>
                <![CDATA[{password=#Arjun789, item=ZARA COAT 3, email=nagarjuna.pc9@gmail.com}]]>
              </value>
            </param>
          </params>
          <exception class="java.lang.NullPointerException">
            <message>
              <![CDATA[Cannot invoke "org.openqa.selenium.WebElement.findElement(org.openqa.selenium.By)" because "this.element" is null]]>
            </message>
            <full-stacktrace>
              <![CDATA[java.lang.NullPointerException: Cannot invoke "org.openqa.selenium.WebElement.findElement(org.openqa.selenium.By)" because "this.element" is null
at com.rahulshetty.ecommerce.pageobjects.PrdocutCatalog.addItemToCart(PrdocutCatalog.java:32)
at com.rahulshetty.ecommerce.pageobjects.StandAloneTestSample.addItemToCart(StandAloneTestSample.java:19)
at java.base/jdk.internal.reflect.DirectMethodHandleAccessor.invoke(DirectMethodHandleAccessor.java:103)
at java.base/java.lang.reflect.Method.invoke(Method.java:580)
at org.testng.internal.invokers.MethodInvocationHelper.invokeMethod(MethodInvocationHelper.java:141)
at org.testng.internal.invokers.TestInvoker.invokeMethod(TestInvoker.java:687)
at org.testng.internal.invokers.TestInvoker.invokeTestMethod(TestInvoker.java:230)
at org.testng.internal.invokers.MethodRunner.runInSequence(MethodRunner.java:63)
at org.testng.internal.invokers.TestInvoker$MethodInvocationAgent.invoke(TestInvoker.java:995)
at org.testng.internal.invokers.TestInvoker.invokeTestMethods(TestInvoker.java:203)
at org.testng.internal.invokers.TestMethodWorker.invokeTestMethods(TestMethodWorker.java:154)
at org.testng.internal.invokers.TestMethodWorker.run(TestMethodWorker.java:134)
at java.base/java.util.ArrayList.forEach(ArrayList.java:1596)
at org.testng.TestRunner.privateRun(TestRunner.java:741)
at org.testng.TestRunner.run(TestRunner.java:616)
at org.testng.SuiteRunner.runTest(SuiteRunner.java:421)
at org.testng.SuiteRunner.runSequentially(SuiteRunner.java:413)
at org.testng.SuiteRunner.privateRun(SuiteRunner.java:373)
at org.testng.SuiteRunner.run(SuiteRunner.java:312)
at org.testng.SuiteRunnerWorker.runSuite(SuiteRunnerWorker.java:52)
at org.testng.SuiteRunnerWorker.run(SuiteRunnerWorker.java:95)
at org.testng.TestNG.runSuitesSequentially(TestNG.java:1274)
at org.testng.TestNG.runSuitesLocally(TestNG.java:1208)
at org.testng.TestNG.runSuites(TestNG.java:1112)
at org.testng.TestNG.run(TestNG.java:1079)
at org.testng.remote.AbstractRemoteTestNG.run(AbstractRemoteTestNG.java:115)
at org.testng.remote.RemoteTestNG.initAndRun(RemoteTestNG.java:293)
at org.testng.remote.RemoteTestNG.main(RemoteTestNG.java:91)
]]>
            </full-stacktrace>
          </exception> <!-- java.lang.NullPointerException -->
          <reporter-output>
          </reporter-output>
        </test-method> <!-- addItemToCart -->
        <test-method is-config="true" signature="teadDown()[pri:0, instance:com.rahulshetty.ecommerce.pageobjects.StandAloneTestSample@50f6ac94]" started-at="2025-06-13T12:25:10 GST" name="teadDown" finished-at="2025-06-13T12:25:10 GST" duration-ms="178" status="PASS">
          <reporter-output>
          </reporter-output>
        </test-method> <!-- teadDown -->
        <test-method is-config="true" signature="launchApplication()[pri:0, instance:com.rahulshetty.ecommerce.pageobjects.StandAloneTestSample@50f6ac94]" started-at="2025-06-13T12:25:10 GST" name="launchApplication" finished-at="2025-06-13T12:25:11 GST" duration-ms="1374" status="PASS">
          <reporter-output>
          </reporter-output>
        </test-method> <!-- launchApplication -->
        <test-method signature="addItemToCart(java.util.HashMap)[pri:0, instance:com.rahulshetty.ecommerce.pageobjects.StandAloneTestSample@50f6ac94]" started-at="2025-06-13T12:25:11 GST" name="addItemToCart" data-provider="getData" finished-at="2025-06-13T12:25:17 GST" duration-ms="5563" status="FAIL">
          <params>
            <param index="0">
              <value>
                <![CDATA[{password=#Arjun789, item=ZARA COAT 3, email=nagarjuna.pc9@gmail.com}]]>
              </value>
            </param>
          </params>
          <exception class="java.lang.NullPointerException">
            <message>
              <![CDATA[Cannot invoke "org.openqa.selenium.WebElement.findElement(org.openqa.selenium.By)" because "this.element" is null]]>
            </message>
            <full-stacktrace>
              <![CDATA[java.lang.NullPointerException: Cannot invoke "org.openqa.selenium.WebElement.findElement(org.openqa.selenium.By)" because "this.element" is null
at com.rahulshetty.ecommerce.pageobjects.PrdocutCatalog.addItemToCart(PrdocutCatalog.java:32)
at com.rahulshetty.ecommerce.pageobjects.StandAloneTestSample.addItemToCart(StandAloneTestSample.java:19)
at java.base/jdk.internal.reflect.DirectMethodHandleAccessor.invoke(DirectMethodHandleAccessor.java:103)
at java.base/java.lang.reflect.Method.invoke(Method.java:580)
at org.testng.internal.invokers.MethodInvocationHelper.invokeMethod(MethodInvocationHelper.java:141)
at org.testng.internal.invokers.TestInvoker.invokeMethod(TestInvoker.java:687)
at org.testng.internal.invokers.TestInvoker.invokeTestMethod(TestInvoker.java:230)
at org.testng.internal.invokers.MethodRunner.runInSequence(MethodRunner.java:63)
at org.testng.internal.invokers.TestInvoker$MethodInvocationAgent.invoke(TestInvoker.java:995)
at org.testng.internal.invokers.TestInvoker.invokeTestMethods(TestInvoker.java:203)
at org.testng.internal.invokers.TestMethodWorker.invokeTestMethods(TestMethodWorker.java:154)
at org.testng.internal.invokers.TestMethodWorker.run(TestMethodWorker.java:134)
at java.base/java.util.ArrayList.forEach(ArrayList.java:1596)
at org.testng.TestRunner.privateRun(TestRunner.java:741)
at org.testng.TestRunner.run(TestRunner.java:616)
at org.testng.SuiteRunner.runTest(SuiteRunner.java:421)
at org.testng.SuiteRunner.runSequentially(SuiteRunner.java:413)
at org.testng.SuiteRunner.privateRun(SuiteRunner.java:373)
at org.testng.SuiteRunner.run(SuiteRunner.java:312)
at org.testng.SuiteRunnerWorker.runSuite(SuiteRunnerWorker.java:52)
at org.testng.SuiteRunnerWorker.run(SuiteRunnerWorker.java:95)
at org.testng.TestNG.runSuitesSequentially(TestNG.java:1274)
at org.testng.TestNG.runSuitesLocally(TestNG.java:1208)
at org.testng.TestNG.runSuites(TestNG.java:1112)
at org.testng.TestNG.run(TestNG.java:1079)
at org.testng.remote.AbstractRemoteTestNG.run(AbstractRemoteTestNG.java:115)
at org.testng.remote.RemoteTestNG.initAndRun(RemoteTestNG.java:293)
at org.testng.remote.RemoteTestNG.main(RemoteTestNG.java:91)
]]>
            </full-stacktrace>
          </exception> <!-- java.lang.NullPointerException -->
          <reporter-output>
          </reporter-output>
        </test-method> <!-- addItemToCart -->
        <test-method is-config="true" signature="teadDown()[pri:0, instance:com.rahulshetty.ecommerce.pageobjects.StandAloneTestSample@50f6ac94]" started-at="2025-06-13T12:25:17 GST" name="teadDown" finished-at="2025-06-13T12:25:17 GST" duration-ms="175" status="PASS">
          <reporter-output>
          </reporter-output>
        </test-method> <!-- teadDown -->
      </class> <!-- com.rahulshetty.ecommerce.pageobjects.StandAloneTestSample -->
    </test> <!-- Test -->
  </suite> <!-- Suite -->
</testng-results>
