<?xml version="1.0" encoding="UTF-8"?>
<!-- Generated by org.testng.reporters.JUnitXMLReporter -->
<testsuite ignored="0" hostname="CADLaps" failures="0" tests="2" name="Test" time="0.607" errors="0" timestamp="2025-08-10T11:16:53 GST">
  <testcase classname="com.uae.govgpt.abstractcomponents.BaseTest" name="@BeforeMethod launchApplication" time="0.371">
    <failure type="org.openqa.selenium.remote.NoSuchDriverException" message="Unable to obtain: chromedriver, error Cannot invoke &amp;quot;String.length()&amp;quot; because &amp;quot;s1&amp;quot; is null
For documentation on this error, please visit: https://www.selenium.dev/documentation/webdriver/troubleshooting/errors/driver_location/
Build info: version: &amp;apos;4.34.0&amp;apos;, revision: &amp;apos;707dcb4246*&amp;apos;
System info: os.name: &amp;apos;Windows 11&amp;apos;, os.arch: &amp;apos;amd64&amp;apos;, os.version: &amp;apos;10.0&amp;apos;, java.version: &amp;apos;17.0.12&amp;apos;
Driver info: driver.version: ChromeDriver">
      <![CDATA[org.openqa.selenium.remote.NoSuchDriverException: Unable to obtain: chromedriver, error Cannot invoke "String.length()" because "s1" is null
For documentation on this error, please visit: https://www.selenium.dev/documentation/webdriver/troubleshooting/errors/driver_location/
Build info: version: '4.34.0', revision: '707dcb4246*'
System info: os.name: 'Windows 11', os.arch: 'amd64', os.version: '10.0', java.version: '17.0.12'
Driver info: driver.version: ChromeDriver
at org.openqa.selenium.remote.service.DriverFinder.getBinaryPaths(DriverFinder.java:124)
at org.openqa.selenium.remote.service.DriverFinder.getDriverPath(DriverFinder.java:55)
at org.openqa.selenium.chrome.ChromeDriver.generateExecutor(ChromeDriver.java:99)
at org.openqa.selenium.chrome.ChromeDriver.<init>(ChromeDriver.java:88)
at org.openqa.selenium.chrome.ChromeDriver.<init>(ChromeDriver.java:83)
at org.openqa.selenium.chrome.ChromeDriver.<init>(ChromeDriver.java:72)
at com.uae.govgpt.abstractcomponents.BaseTest.initializeDriver(BaseTest.java:67)
at com.uae.govgpt.abstractcomponents.BaseTest.launchApplication(BaseTest.java:89)
at java.base/java.util.ArrayList.forEach(ArrayList.java:1511)
Caused by: java.lang.NullPointerException: Cannot invoke "String.length()" because "s1" is null
at java.base/java.lang.ProcessEnvironment$NameComparator.compare(ProcessEnvironment.java:202)
at java.base/java.lang.ProcessEnvironment$NameComparator.compare(ProcessEnvironment.java:195)
at java.base/java.util.TreeMap.getEntryUsingComparator(TreeMap.java:374)
at java.base/java.util.TreeMap.getEntry(TreeMap.java:344)
at java.base/java.util.TreeMap.get(TreeMap.java:279)
at java.base/java.lang.ProcessEnvironment.getenv(ProcessEnvironment.java:279)
at java.base/java.lang.System.getenv(System.java:1106)
at org.openqa.selenium.remote.service.DriverFinder.getBinaryPaths(DriverFinder.java:99)
... 43 more
... Removed 35 stack frames]]>
    </failure>
  </testcase> <!-- @BeforeMethod launchApplication -->
  <testcase classname="com.uae.govgpt.abstractcomponents.BaseTest" name="@AfterMethod teadDown" time="0.0">
    <skipped/>
  </testcase> <!-- @AfterMethod teadDown -->
  <testcase classname="com.uae.govgpt.abstractcomponents.BaseTest" name="@BeforeMethod launchApplication" time="0.017">
    <failure type="org.openqa.selenium.remote.NoSuchDriverException" message="Unable to obtain: chromedriver, error Cannot invoke &amp;quot;String.length()&amp;quot; because &amp;quot;s1&amp;quot; is null
For documentation on this error, please visit: https://www.selenium.dev/documentation/webdriver/troubleshooting/errors/driver_location/
Build info: version: &amp;apos;4.34.0&amp;apos;, revision: &amp;apos;707dcb4246*&amp;apos;
System info: os.name: &amp;apos;Windows 11&amp;apos;, os.arch: &amp;apos;amd64&amp;apos;, os.version: &amp;apos;10.0&amp;apos;, java.version: &amp;apos;17.0.12&amp;apos;
Driver info: driver.version: ChromeDriver">
      <![CDATA[org.openqa.selenium.remote.NoSuchDriverException: Unable to obtain: chromedriver, error Cannot invoke "String.length()" because "s1" is null
For documentation on this error, please visit: https://www.selenium.dev/documentation/webdriver/troubleshooting/errors/driver_location/
Build info: version: '4.34.0', revision: '707dcb4246*'
System info: os.name: 'Windows 11', os.arch: 'amd64', os.version: '10.0', java.version: '17.0.12'
Driver info: driver.version: ChromeDriver
at org.openqa.selenium.remote.service.DriverFinder.getBinaryPaths(DriverFinder.java:124)
at org.openqa.selenium.remote.service.DriverFinder.getDriverPath(DriverFinder.java:55)
at org.openqa.selenium.chrome.ChromeDriver.generateExecutor(ChromeDriver.java:99)
at org.openqa.selenium.chrome.ChromeDriver.<init>(ChromeDriver.java:88)
at org.openqa.selenium.chrome.ChromeDriver.<init>(ChromeDriver.java:83)
at org.openqa.selenium.chrome.ChromeDriver.<init>(ChromeDriver.java:72)
at com.uae.govgpt.abstractcomponents.BaseTest.initializeDriver(BaseTest.java:67)
at com.uae.govgpt.abstractcomponents.BaseTest.launchApplication(BaseTest.java:89)
at java.base/java.util.ArrayList.forEach(ArrayList.java:1511)
Caused by: java.lang.NullPointerException: Cannot invoke "String.length()" because "s1" is null
at java.base/java.lang.ProcessEnvironment$NameComparator.compare(ProcessEnvironment.java:202)
at java.base/java.lang.ProcessEnvironment$NameComparator.compare(ProcessEnvironment.java:195)
at java.base/java.util.TreeMap.getEntryUsingComparator(TreeMap.java:374)
at java.base/java.util.TreeMap.getEntry(TreeMap.java:344)
at java.base/java.util.TreeMap.get(TreeMap.java:279)
at java.base/java.lang.ProcessEnvironment.getenv(ProcessEnvironment.java:279)
at java.base/java.lang.System.getenv(System.java:1106)
at org.openqa.selenium.remote.service.DriverFinder.getBinaryPaths(DriverFinder.java:99)
... 43 more
... Removed 35 stack frames]]>
    </failure>
  </testcase> <!-- @BeforeMethod launchApplication -->
  <testcase classname="com.uae.govgpt.abstractcomponents.BaseTest" name="@AfterMethod teadDown" time="0.0">
    <skipped/>
  </testcase> <!-- @AfterMethod teadDown -->
  <testcase classname="com.uae.govgpt.testcases.TC1VerifyHomePage" name="verifyHomePage" time="0.0">
    <skipped/>
  </testcase> <!-- verifyHomePage -->
  <testcase classname="com.uae.govgpt.testcases.TC2VerifyInputIsClearedAutomaticallyFromGovGPT" name="verifyGovGptChatboxCleared" time="0.0">
    <skipped/>
  </testcase> <!-- verifyGovGptChatboxCleared -->
</testsuite> <!-- Test -->
