<?xml version="1.0" encoding="UTF-8"?>
<!-- Generated by org.testng.reporters.JUnitXMLReporter -->
<testsuite ignored="2" hostname="CADLaps" failures="0" tests="2" name="Test" time="0.048" errors="0" timestamp="2025-06-12T06:08:37 GST">
  <testcase classname="testng.programs.dealsPage.GroupsHandling2" name="method3" time="0.009"/>
  <testcase classname="testng.programs.dealsPage.GroupsHandling" name="method2" time="0.001"/>
  <testcase classname="testng.programs.dealsPage.GroupsHandling2" name="method4" time="0.0">
    <ignored/>
  </testcase> <!-- method4 -->
  <testcase classname="testng.programs.dealsPage.GroupsHandling" name="method1" time="0.0">
    <ignored/>
  </testcase> <!-- method1 -->
</testsuite> <!-- Test -->
