<?xml version="1.0" encoding="UTF-8"?>
<!-- Generated by org.testng.reporters.JUnitReportReporter -->
<testsuite hostname="CADLaps" failures="0" tests="2" name="com.rahulshetty.ecommerce.pageobjects.StandAloneTestSample2" time="13.468" errors="0" timestamp="2025-07-09T09:31:26 GST" skipped="0">
  <testcase classname="com.rahulshetty.ecommerce.pageobjects.StandAloneTestSample2" name="addItemToCart" time="4.667"/>
  <testcase classname="com.rahulshetty.ecommerce.pageobjects.StandAloneTestSample2" name="addItemToCart" time="8.801"/>
</testsuite> <!-- com.rahulshetty.ecommerce.pageobjects.StandAloneTestSample2 -->
