<?xml version="1.0" encoding="UTF-8"?>
<!-- Generated by org.testng.reporters.JUnitXMLReporter -->
<testsuite ignored="0" hostname="CADLaps" failures="2" tests="2" name="Test" time="16.353" errors="0" timestamp="2025-06-13T12:25:17 GST">
  <testcase classname="com.rahulshetty.ecommerce.pageobjects.StandAloneTestSample" name="addItemToCart" time="5.674">
    <failure type="java.lang.NullPointerException" message="Cannot invoke &amp;quot;org.openqa.selenium.WebElement.findElement(org.openqa.selenium.By)&amp;quot; because &amp;quot;this.element&amp;quot; is null">
      <![CDATA[java.lang.NullPointerException: Cannot invoke "org.openqa.selenium.WebElement.findElement(org.openqa.selenium.By)" because "this.element" is null
at com.rahulshetty.ecommerce.pageobjects.PrdocutCatalog.addItemToCart(PrdocutCatalog.java:32)
at com.rahulshetty.ecommerce.pageobjects.StandAloneTestSample.addItemToCart(StandAloneTestSample.java:19)
at java.base/java.util.ArrayList.forEach(ArrayList.java:1596)
... Removed 25 stack frames]]>
    </failure>
  </testcase> <!-- addItemToCart -->
  <testcase classname="com.rahulshetty.ecommerce.pageobjects.StandAloneTestSample" name="addItemToCart" time="5.563">
    <failure type="java.lang.NullPointerException" message="Cannot invoke &amp;quot;org.openqa.selenium.WebElement.findElement(org.openqa.selenium.By)&amp;quot; because &amp;quot;this.element&amp;quot; is null">
      <![CDATA[java.lang.NullPointerException: Cannot invoke "org.openqa.selenium.WebElement.findElement(org.openqa.selenium.By)" because "this.element" is null
at com.rahulshetty.ecommerce.pageobjects.PrdocutCatalog.addItemToCart(PrdocutCatalog.java:32)
at com.rahulshetty.ecommerce.pageobjects.StandAloneTestSample.addItemToCart(StandAloneTestSample.java:19)
at java.base/java.util.ArrayList.forEach(ArrayList.java:1596)
... Removed 25 stack frames]]>
    </failure>
  </testcase> <!-- addItemToCart -->
</testsuite> <!-- Test -->
