<?xml version="1.0" encoding="UTF-8"?>
<!-- Generated by org.testng.reporters.JUnitXMLReporter -->
<testsuite ignored="0" hostname="CADLaps" failures="0" tests="2" name="Test" time="13.981" errors="0" timestamp="2025-07-09T09:31:25 GST">
  <testcase classname="com.rahulshetty.ecommerce.pageobjects.StandAloneTestSample2" name="addItemToCart" time="1.189"/>
  <testcase classname="com.rahulshetty.ecommerce.pageobjects.StandAloneTestSample2" name="addItemToCart" time="1.219"/>
</testsuite> <!-- Test -->
