<?xml version="1.0" encoding="UTF-8"?>
<testng-results ignored="0" total="2" passed="2" failed="0" skipped="0">
  <reporter-output>
  </reporter-output>
  <suite started-at="2025-07-08T16:07:44 GST" name="Suite" finished-at="2025-07-08T16:08:13 GST" duration-ms="29251">
    <groups>
    </groups>
    <test started-at="2025-07-08T16:07:44 GST" name="Test" finished-at="2025-07-08T16:08:13 GST" duration-ms="29251">
      <class name="com.rahulshetty.ecommerce.pageobjects.StandAloneTestSample2">
        <test-method is-config="true" signature="launchApplication()[pri:0, instance:com.rahulshetty.ecommerce.pageobjects.StandAloneTestSample2@2ca26d77]" started-at="2025-07-08T16:07:45 GST" name="launchApplication" finished-at="2025-07-08T16:08:04 GST" duration-ms="19309" status="PASS">
          <reporter-output>
          </reporter-output>
        </test-method> <!-- launchApplication -->
        <test-method signature="addItemToCart(java.util.HashMap)[pri:0, instance:com.rahulshetty.ecommerce.pageobjects.StandAloneTestSample2@2ca26d77]" started-at="2025-07-08T16:08:04 GST" name="addItemToCart" data-provider="getData" finished-at="2025-07-08T16:08:06 GST" duration-ms="1711" status="PASS">
          <params>
            <param index="0">
              <value>
                <![CDATA[{password=#Arjun789, item=ZARA COAT 3, email=nagarjuna.pc9@gmail.com}]]>
              </value>
            </param>
          </params>
          <reporter-output>
          </reporter-output>
        </test-method> <!-- addItemToCart -->
        <test-method is-config="true" signature="teadDown()[pri:0, instance:com.rahulshetty.ecommerce.pageobjects.StandAloneTestSample2@2ca26d77]" started-at="2025-07-08T16:08:06 GST" name="teadDown" finished-at="2025-07-08T16:08:07 GST" duration-ms="529" status="PASS">
          <reporter-output>
          </reporter-output>
        </test-method> <!-- teadDown -->
        <test-method is-config="true" signature="launchApplication()[pri:0, instance:com.rahulshetty.ecommerce.pageobjects.StandAloneTestSample2@2ca26d77]" started-at="2025-07-08T16:08:07 GST" name="launchApplication" finished-at="2025-07-08T16:08:09 GST" duration-ms="2521" status="PASS">
          <reporter-output>
          </reporter-output>
        </test-method> <!-- launchApplication -->
        <test-method signature="addItemToCart(java.util.HashMap)[pri:0, instance:com.rahulshetty.ecommerce.pageobjects.StandAloneTestSample2@2ca26d77]" started-at="2025-07-08T16:08:09 GST" name="addItemToCart" data-provider="getData" finished-at="2025-07-08T16:08:12 GST" duration-ms="3132" status="PASS">
          <params>
            <param index="0">
              <value>
                <![CDATA[{password=#Arjun789, item=ZARA COAT 3, email=nagarjuna.pc9@gmail.com}]]>
              </value>
            </param>
          </params>
          <reporter-output>
          </reporter-output>
        </test-method> <!-- addItemToCart -->
        <test-method is-config="true" signature="teadDown()[pri:0, instance:com.rahulshetty.ecommerce.pageobjects.StandAloneTestSample2@2ca26d77]" started-at="2025-07-08T16:08:12 GST" name="teadDown" finished-at="2025-07-08T16:08:13 GST" duration-ms="729" status="PASS">
          <reporter-output>
          </reporter-output>
        </test-method> <!-- teadDown -->
      </class> <!-- com.rahulshetty.ecommerce.pageobjects.StandAloneTestSample2 -->
    </test> <!-- Test -->
  </suite> <!-- Suite -->
</testng-results>
