<?xml version="1.0" encoding="UTF-8"?>
<!-- Generated by org.testng.reporters.JUnitXMLReporter -->
<testsuite ignored="1" hostname="CADLaps" failures="0" tests="3" name="LoginPage" time="0.009" errors="0" timestamp="2025-06-12T06:08:37 GST">
  <testcase classname="testng.programs.dealsPage.TutorialDay3" name="dealsOfTheMonth" time="0.002"/>
  <testcase classname="testng.programs.dealsPage.TutorialDay3" name="dealsToday" time="0.001"/>
  <testcase classname="testng.programs.dealsPage.TutorialDay3" name="dealsTomorrow" time="0.001"/>
  <testcase classname="testng.programs.dealsPage.TutorialDay3" name="homePage" time="0.0">
    <ignored/>
  </testcase> <!-- homePage -->
</testsuite> <!-- LoginPage -->
