<?xml version="1.0" encoding="UTF-8"?>
<!-- Generated by org.testng.reporters.JUnitXMLReporter -->
<testsuite ignored="0" hostname="CADLaps" failures="0" tests="2" name="Test" time="29.251" errors="0" timestamp="2025-07-08T16:08:14 GST">
  <testcase classname="com.rahulshetty.ecommerce.pageobjects.StandAloneTestSample2" name="addItemToCart" time="1.711"/>
  <testcase classname="com.rahulshetty.ecommerce.pageobjects.StandAloneTestSample2" name="addItemToCart" time="3.132"/>
</testsuite> <!-- Test -->
