<?xml version="1.0" encoding="UTF-8"?>
<!-- Generated by org.testng.reporters.JUnitReportReporter -->
<testsuite hostname="CADLaps" failures="0" tests="2" name="testng.programs.dealsPage.TutorialDay1" time="0.010" errors="0" timestamp="2025-06-11T13:48:03 GST" skipped="0">
  <testcase classname="testng.programs.dealsPage.TutorialDay1" name="login" time="0.009"/>
  <testcase classname="testng.programs.dealsPage.TutorialDay1" name="logout" time="0.001"/>
</testsuite> <!-- testng.programs.dealsPage.TutorialDay1 -->
