<?xml version="1.0" encoding="UTF-8"?>
<!-- Generated by org.testng.reporters.JUnitReportReporter -->
<testsuite hostname="CADLaps" failures="0" tests="2" name="testng.programs.homePage.TutorialDay1" time="0.002" errors="0" timestamp="2025-06-11T13:41:08 GST" skipped="0">
  <testcase classname="testng.programs.homePage.TutorialDay1" name="homePagesearch" time="0.001"/>
  <testcase classname="testng.programs.homePage.TutorialDay1" name="homePage" time="0.001"/>
</testsuite> <!-- testng.programs.homePage.TutorialDay1 -->
