<?xml version="1.0" encoding="UTF-8"?>
<!-- Generated by org.testng.reporters.JUnitReportReporter -->
<testsuite hostname="CADLaps" failures="0" tests="3" name="testng.programs.dealsPage.TutorialDay3" time="0.004" errors="0" timestamp="2025-06-12T06:08:41 GST" skipped="0">
  <testcase classname="testng.programs.dealsPage.TutorialDay3" name="dealsOfTheMonth" time="0.002"/>
  <testcase classname="testng.programs.dealsPage.TutorialDay3" name="dealsTomorrow" time="0.001"/>
  <testcase classname="testng.programs.dealsPage.TutorialDay3" name="dealsToday" time="0.001"/>
</testsuite> <!-- testng.programs.dealsPage.TutorialDay3 -->
