<?xml version="1.0" encoding="UTF-8"?>
<!-- Generated by org.testng.reporters.JUnitReportReporter -->
<testsuite hostname="CADLaps" failures="0" tests="2" name="testng.programs.program2.TutorialDay2" time="0.006" errors="0" timestamp="2025-06-11T13:25:26 GST" skipped="0">
  <testcase classname="testng.programs.program2.TutorialDay2" name="homePage" time="0.003"/>
  <testcase classname="testng.programs.program2.TutorialDay2" name="deals" time="0.003"/>
</testsuite> <!-- testng.programs.program2.TutorialDay2 -->
