<?xml version="1.0" encoding="UTF-8"?>
<!-- Generated by org.testng.reporters.JUnitReportReporter -->
<testsuite hostname="CADLaps" failures="0" tests="3" name="testng.programs.dealsPage.LaunchBrowserUsingDataProvider" time="6.919" errors="0" timestamp="2025-06-12T07:22:50 GST" skipped="0">
  <testcase classname="testng.programs.dealsPage.LaunchBrowserUsingDataProvider" name="launchBrowser1" time="2.940"/>
  <testcase classname="testng.programs.dealsPage.LaunchBrowserUsingDataProvider" name="launchBrowser" time="2.178"/>
  <testcase classname="testng.programs.dealsPage.LaunchBrowserUsingDataProvider" name="launchBrowser" time="1.801"/>
</testsuite> <!-- testng.programs.dealsPage.LaunchBrowserUsingDataProvider -->
