<?xml version="1.0" encoding="UTF-8"?>
<!-- Generated by org.testng.reporters.JUnitReportReporter -->
<testsuite hostname="CADLaps" failures="0" tests="4" name="testng.programs.program2.TutorialDay3" time="0.006" errors="0" timestamp="2025-06-11T13:25:26 GST" skipped="0">
  <testcase classname="testng.programs.program2.TutorialDay3" name="dealsToday" time="0.002"/>
  <testcase classname="testng.programs.program2.TutorialDay3" name="dealsTomorrow" time="0.001"/>
  <testcase classname="testng.programs.program2.TutorialDay3" name="homePage" time="0.002"/>
  <testcase classname="testng.programs.program2.TutorialDay3" name="dealsOfTheMonth" time="0.001"/>
</testsuite> <!-- testng.programs.program2.TutorialDay3 -->
