<?xml version="1.0" encoding="UTF-8"?>
<!-- Generated by org.testng.reporters.JUnitReportReporter -->
<testsuite hostname="CADLaps" failures="0" tests="2" name="testng.programs.program1.TutorialDay1" time="0.012" errors="0" timestamp="2025-06-11T13:22:01 GST" skipped="0">
  <testcase classname="testng.programs.program1.TutorialDay1" name="logout" time="0.002"/>
  <testcase classname="testng.programs.program1.TutorialDay1" name="login" time="0.010"/>
</testsuite> <!-- testng.programs.program1.TutorialDay1 -->
