<?xml version="1.0" encoding="UTF-8"?>
<!-- Generated by org.testng.reporters.JUnitReportReporter -->
<testsuite hostname="CADLaps" failures="0" tests="4" name="testngprograms.TutorialDay3" time="0.005" errors="0" timestamp="2025-06-11T13:14:02 GST" skipped="0">
  <testcase classname="testngprograms.TutorialDay3" name="dealsOfTheMonth" time="0.001"/>
  <testcase classname="testngprograms.TutorialDay3" name="homePage" time="0.001"/>
  <testcase classname="testngprograms.TutorialDay3" name="dealsTomorrow" time="0.001"/>
  <testcase classname="testngprograms.TutorialDay3" name="dealsToday" time="0.002"/>
</testsuite> <!-- testngprograms.TutorialDay3 -->
