<?xml version="1.0" encoding="UTF-8"?>
<!-- Generated by org.testng.reporters.JUnitReportReporter -->
<testsuite hostname="CADLaps" failures="0" tests="2" name="testng.programs.dealsPage.TutorialDay2" time="0.005" errors="0" timestamp="2025-06-11T13:41:08 GST" skipped="0">
  <testcase classname="testng.programs.dealsPage.TutorialDay2" name="deals" time="0.003"/>
  <testcase classname="testng.programs.dealsPage.TutorialDay2" name="homePage" time="0.002"/>
</testsuite> <!-- testng.programs.dealsPage.TutorialDay2 -->
